INFO:     Will watch for changes in these directories: ['D:\\Nikhil\\ZoikOne\\zoiko-one-backend']
INFO:     Uvicorn running on http://0.0.0.0:8000 (Press CTRL+C to quit)
INFO:     Started reloader process [10120] using WatchFiles
INFO:     Started server process [16788]
INFO:     Waiting for application startup.
ERROR:    Traceback (most recent call last):
  File "C:\Users\Nikhi\AppData\Local\Programs\Python\Python311\Lib\site-packages\sqlalchemy\orm\relationships.py", line 2435, in _determine_joins
    self.primaryjoin = join_condition(
                       ^^^^^^^^^^^^^^^
  File "C:\Users\Nikhi\AppData\Local\Programs\Python\Python311\Lib\site-packages\sqlalchemy\sql\util.py", line 122, in join_condition
    return Join._join_condition(
           ^^^^^^^^^^^^^^^^^^^^^
  File "C:\Users\Nikhi\AppData\Local\Programs\Python\Python311\Lib\site-packages\sqlalchemy\sql\selectable.py", line 1440, in _join_condition
    cls._joincond_trim_constraints(
  File "C:\Users\Nikhi\AppData\Local\Programs\Python\Python311\Lib\site-packages\sqlalchemy\sql\selectable.py", line 1585, in _joincond_trim_constraints
    raise exc.AmbiguousForeignKeysError(
sqlalchemy.exc.AmbiguousForeignKeysError: Can't determine join between 'employees' and 'assets'; tables have more than one foreign key constraint relationship between them. Please specify the 'onclause' of this join explicitly.

The above exception was the direct cause of the following exception:

Traceback (most recent call last):
  File "C:\Users\Nikhi\AppData\Local\Programs\Python\Python311\Lib\site-packages\starlette\routing.py", line 732, in lifespan
    async with self.lifespan_context(app) as maybe_state:
  File "C:\Users\Nikhi\AppData\Local\Programs\Python\Python311\Lib\site-packages\starlette\routing.py", line 608, in __aenter__
    await self._router.startup()
  File "C:\Users\Nikhi\AppData\Local\Programs\Python\Python311\Lib\site-packages\starlette\routing.py", line 711, in startup
    handler()
  File "D:\Nikhil\ZoikOne\zoiko-one-backend\app\main.py", line 130, in on_startup
    _seed_admin_if_empty()
  File "D:\Nikhil\ZoikOne\zoiko-one-backend\app\main.py", line 34, in _seed_admin_if_empty
    existing = db.query(Employee).filter(Employee.email == "admin@zoiko.com").first()
               ^^^^^^^^^^^^^^^^^^
  File "C:\Users\Nikhi\AppData\Local\Programs\Python\Python311\Lib\site-packages\sqlalchemy\orm\session.py", line 2962, in query
    return self._query_cls(entities, self, **kwargs)
           ^^^^^^^^^^^^^^^^^^^^^^^^^^^^^^^^^^^^^^^^^
  File "C:\Users\Nikhi\AppData\Local\Programs\Python\Python311\Lib\site-packages\sqlalchemy\orm\query.py", line 277, in __init__
    self._set_entities(entities)
  File "C:\Users\Nikhi\AppData\Local\Programs\Python\Python311\Lib\site-packages\sqlalchemy\orm\query.py", line 289, in _set_entities
    self._raw_columns = [
                        ^
  File "C:\Users\Nikhi\AppData\Local\Programs\Python\Python311\Lib\site-packages\sqlalchemy\orm\query.py", line 290, in <listcomp>
    coercions.expect(
  File "C:\Users\Nikhi\AppData\Local\Programs\Python\Python311\Lib\site-packages\sqlalchemy\sql\coercions.py", line 389, in expect
    insp._post_inspect
  File "C:\Users\Nikhi\AppData\Local\Programs\Python\Python311\Lib\site-packages\sqlalchemy\util\langhelpers.py", line 1234, in __get__
    obj.__dict__[self.__name__] = result = self.fget(obj)
                                           ^^^^^^^^^^^^^^
  File "C:\Users\Nikhi\AppData\Local\Programs\Python\Python311\Lib\site-packages\sqlalchemy\orm\mapper.py", line 2734, in _post_inspect
    self._check_configure()
  File "C:\Users\Nikhi\AppData\Local\Programs\Python\Python311\Lib\site-packages\sqlalchemy\orm\mapper.py", line 2411, in _check_configure
    _configure_registries({self.registry}, cascade=True)
  File "C:\Users\Nikhi\AppData\Local\Programs\Python\Python311\Lib\site-packages\sqlalchemy\orm\mapper.py", line 4228, in _configure_registries
    _do_configure_registries(registries, cascade)
  File "C:\Users\Nikhi\AppData\Local\Programs\Python\Python311\Lib\site-packages\sqlalchemy\orm\mapper.py", line 4269, in _do_configure_registries
    mapper._post_configure_properties()
  File "C:\Users\Nikhi\AppData\Local\Programs\Python\Python311\Lib\site-packages\sqlalchemy\orm\mapper.py", line 2428, in _post_configure_properties
    prop.init()
  File "C:\Users\Nikhi\AppData\Local\Programs\Python\Python311\Lib\site-packages\sqlalchemy\orm\interfaces.py", line 595, in init
    self.do_init()
  File "C:\Users\Nikhi\AppData\Local\Programs\Python\Python311\Lib\site-packages\sqlalchemy\orm\relationships.py", line 1658, in do_init
    self._setup_join_conditions()
  File "C:\Users\Nikhi\AppData\Local\Programs\Python\Python311\Lib\site-packages\sqlalchemy\orm\relationships.py", line 1896, in _setup_join_conditions
    self._join_condition = jc = JoinCondition(
                                ^^^^^^^^^^^^^^
  File "C:\Users\Nikhi\AppData\Local\Programs\Python\Python311\Lib\site-packages\sqlalchemy\orm\relationships.py", line 2322, in __init__
    self._determine_joins()
  File "C:\Users\Nikhi\AppData\Local\Programs\Python\Python311\Lib\site-packages\sqlalchemy\orm\relationships.py", line 2479, in _determine_joins
    raise sa_exc.AmbiguousForeignKeysError(
sqlalchemy.exc.AmbiguousForeignKeysError: Could not determine join condition between parent/child tables on relationship Employee.assets - there are multiple foreign key paths linking the tables.  Specify the 'foreign_keys' argument, providing a list of those columns which should be counted as containing a foreign key reference to the parent table.

ERROR:    Application startup failed. Exiting.
WARNING:  WatchFiles detected changes in 'app\modules\hr\models.py'. Reloading...
WARNING:  WatchFiles detected changes in 'app\modules\hr\models.py'. Reloading...
INFO:     Started server process [7744]
INFO:     Waiting for application startup.
ERROR:    Traceback (most recent call last):
  File "C:\Users\Nikhi\AppData\Local\Programs\Python\Python311\Lib\site-packages\sqlalchemy\orm\relationships.py", line 2435, in _determine_joins
    self.primaryjoin = join_condition(
                       ^^^^^^^^^^^^^^^
  File "C:\Users\Nikhi\AppData\Local\Programs\Python\Python311\Lib\site-packages\sqlalchemy\sql\util.py", line 122, in join_condition
    return Join._join_condition(
           ^^^^^^^^^^^^^^^^^^^^^
  File "C:\Users\Nikhi\AppData\Local\Programs\Python\Python311\Lib\site-packages\sqlalchemy\sql\selectable.py", line 1440, in _join_condition
    cls._joincond_trim_constraints(
  File "C:\Users\Nikhi\AppData\Local\Programs\Python\Python311\Lib\site-packages\sqlalchemy\sql\selectable.py", line 1585, in _joincond_trim_constraints
    raise exc.AmbiguousForeignKeysError(
sqlalchemy.exc.AmbiguousForeignKeysError: Can't determine join between 'assets' and 'employees'; tables have more than one foreign key constraint relationship between them. Please specify the 'onclause' of this join explicitly.

The above exception was the direct cause of the following exception:

Traceback (most recent call last):
  File "C:\Users\Nikhi\AppData\Local\Programs\Python\Python311\Lib\site-packages\starlette\routing.py", line 732, in lifespan
    async with self.lifespan_context(app) as maybe_state:
  File "C:\Users\Nikhi\AppData\Local\Programs\Python\Python311\Lib\site-packages\starlette\routing.py", line 608, in __aenter__
    await self._router.startup()
  File "C:\Users\Nikhi\AppData\Local\Programs\Python\Python311\Lib\site-packages\starlette\routing.py", line 711, in startup
    handler()
  File "D:\Nikhil\ZoikOne\zoiko-one-backend\app\main.py", line 130, in on_startup
    _seed_admin_if_empty()
  File "D:\Nikhil\ZoikOne\zoiko-one-backend\app\main.py", line 34, in _seed_admin_if_empty
    existing = db.query(Employee).filter(Employee.email == "admin@zoiko.com").first()
               ^^^^^^^^^^^^^^^^^^
  File "C:\Users\Nikhi\AppData\Local\Programs\Python\Python311\Lib\site-packages\sqlalchemy\orm\session.py", line 2962, in query
    return self._query_cls(entities, self, **kwargs)
           ^^^^^^^^^^^^^^^^^^^^^^^^^^^^^^^^^^^^^^^^^
  File "C:\Users\Nikhi\AppData\Local\Programs\Python\Python311\Lib\site-packages\sqlalchemy\orm\query.py", line 277, in __init__
    self._set_entities(entities)
  File "C:\Users\Nikhi\AppData\Local\Programs\Python\Python311\Lib\site-packages\sqlalchemy\orm\query.py", line 289, in _set_entities
    self._raw_columns = [
                        ^
  File "C:\Users\Nikhi\AppData\Local\Programs\Python\Python311\Lib\site-packages\sqlalchemy\orm\query.py", line 290, in <listcomp>
    coercions.expect(
  File "C:\Users\Nikhi\AppData\Local\Programs\Python\Python311\Lib\site-packages\sqlalchemy\sql\coercions.py", line 389, in expect
    insp._post_inspect
  File "C:\Users\Nikhi\AppData\Local\Programs\Python\Python311\Lib\site-packages\sqlalchemy\util\langhelpers.py", line 1234, in __get__
    obj.__dict__[self.__name__] = result = self.fget(obj)
                                           ^^^^^^^^^^^^^^
  File "C:\Users\Nikhi\AppData\Local\Programs\Python\Python311\Lib\site-packages\sqlalchemy\orm\mapper.py", line 2734, in _post_inspect
    self._check_configure()
  File "C:\Users\Nikhi\AppData\Local\Programs\Python\Python311\Lib\site-packages\sqlalchemy\orm\mapper.py", line 2411, in _check_configure
    _configure_registries({self.registry}, cascade=True)
  File "C:\Users\Nikhi\AppData\Local\Programs\Python\Python311\Lib\site-packages\sqlalchemy\orm\mapper.py", line 4228, in _configure_registries
    _do_configure_registries(registries, cascade)
  File "C:\Users\Nikhi\AppData\Local\Programs\Python\Python311\Lib\site-packages\sqlalchemy\orm\mapper.py", line 4269, in _do_configure_registries
    mapper._post_configure_properties()
  File "C:\Users\Nikhi\AppData\Local\Programs\Python\Python311\Lib\site-packages\sqlalchemy\orm\mapper.py", line 2428, in _post_configure_properties
    prop.init()
  File "C:\Users\Nikhi\AppData\Local\Programs\Python\Python311\Lib\site-packages\sqlalchemy\orm\interfaces.py", line 595, in init
    self.do_init()
  File "C:\Users\Nikhi\AppData\Local\Programs\Python\Python311\Lib\site-packages\sqlalchemy\orm\relationships.py", line 1658, in do_init
    self._setup_join_conditions()
  File "C:\Users\Nikhi\AppData\Local\Programs\Python\Python311\Lib\site-packages\sqlalchemy\orm\relationships.py", line 1896, in _setup_join_conditions
    self._join_condition = jc = JoinCondition(
                                ^^^^^^^^^^^^^^
  File "C:\Users\Nikhi\AppData\Local\Programs\Python\Python311\Lib\site-packages\sqlalchemy\orm\relationships.py", line 2322, in __init__
    self._determine_joins()
  File "C:\Users\Nikhi\AppData\Local\Programs\Python\Python311\Lib\site-packages\sqlalchemy\orm\relationships.py", line 2479, in _determine_joins
    raise sa_exc.AmbiguousForeignKeysError(
sqlalchemy.exc.AmbiguousForeignKeysError: Could not determine join condition between parent/child tables on relationship Asset.employee - there are multiple foreign key paths linking the tables.  Specify the 'foreign_keys' argument, providing a list of those columns which should be counted as containing a foreign key reference to the parent table.

ERROR:    Application startup failed. Exiting.
Process SpawnProcess-2:
Traceback (most recent call last):
  File "C:\Users\Nikhi\AppData\Local\Programs\Python\Python311\Lib\asyncio\runners.py", line 118, in run
    return self._loop.run_until_complete(task)
           ^^^^^^^^^^^^^^^^^^^^^^^^^^^^^^^^^^^
  File "C:\Users\Nikhi\AppData\Local\Programs\Python\Python311\Lib\asyncio\base_events.py", line 654, in run_until_complete
    return future.result()
           ^^^^^^^^^^^^^^^
asyncio.exceptions.CancelledError

During handling of the above exception, another exception occurred:

Traceback (most recent call last):
  File "C:\Users\Nikhi\AppData\Local\Programs\Python\Python311\Lib\multiprocessing\process.py", line 314, in _bootstrap
    self.run()
  File "C:\Users\Nikhi\AppData\Local\Programs\Python\Python311\Lib\multiprocessing\process.py", line 108, in run
    self._target(*self._args, **self._kwargs)
  File "C:\Users\Nikhi\AppData\Local\Programs\Python\Python311\Lib\site-packages\uvicorn\_subprocess.py", line 78, in subprocess_started
    target(sockets=sockets)
  File "C:\Users\Nikhi\AppData\Local\Programs\Python\Python311\Lib\site-packages\uvicorn\server.py", line 65, in run
    return asyncio.run(self.serve(sockets=sockets))
           ^^^^^^^^^^^^^^^^^^^^^^^^^^^^^^^^^^^^^^^^
  File "C:\Users\Nikhi\AppData\Local\Programs\Python\Python311\Lib\asyncio\runners.py", line 190, in run
    return runner.run(main)
           ^^^^^^^^^^^^^^^^
  File "C:\Users\Nikhi\AppData\Local\Programs\Python\Python311\Lib\asyncio\runners.py", line 123, in run
    raise KeyboardInterrupt()
KeyboardInterrupt
INFO:     Started server process [13644]
INFO:     Waiting for application startup.
D:\Nikhil\ZoikOne\zoiko-one-backend\app\main.py:34: SAWarning: relationship 'LearningEnrollment.employee' will copy column employees.id to column learning_enrollments.employee_id, which conflicts with relationship(s): 'Employee.learning_enrollments' (copies employees.id to learning_enrollments.employee_id). If this is not the intention, consider if these relationships should be linked with back_populates, or if viewonly=True should be applied to one or more if they are read-only. For the less common case that foreign key constraints are partially overlapping, the orm.foreign() annotation can be used to isolate the columns that should be written towards.   To silence this warning, add the parameter 'overlaps="learning_enrollments"' to the 'LearningEnrollment.employee' relationship. (Background on this warning at: https://sqlalche.me/e/20/qzyx) (This warning originated from the `configure_mappers()` process, which was invoked automatically in response to a user-initiated operation.)
  existing = db.query(Employee).filter(Employee.email == "admin@zoiko.com").first()
INFO:     Application startup complete.
